c:\users\jia long\documents\vj\opengl_vs2015\2dgame\frozen-knight\frozen-knight\release\vc143.pdb
c:\users\jia long\documents\vj\opengl_vs2015\2dgame\frozen-knight\frozen-knight\release\skeleton.obj
c:\users\jia long\documents\vj\opengl_vs2015\2dgame\frozen-knight\frozen-knight\release\shaderprogram.obj
c:\users\jia long\documents\vj\opengl_vs2015\2dgame\frozen-knight\frozen-knight\release\shader.obj
c:\users\jia long\documents\vj\opengl_vs2015\2dgame\frozen-knight\frozen-knight\release\scene.obj
c:\users\jia long\documents\vj\opengl_vs2015\2dgame\frozen-knight\frozen-knight\release\player.obj
c:\users\jia long\documents\vj\opengl_vs2015\2dgame\frozen-knight\frozen-knight\release\main.obj
c:\users\jia long\documents\vj\opengl_vs2015\2dgame\frozen-knight\frozen-knight\release\key.obj
c:\users\jia long\documents\vj\opengl_vs2015\2dgame\frozen-knight\frozen-knight\release\gem.obj
c:\users\jia long\documents\vj\opengl_vs2015\2dgame\frozen-knight\frozen-knight\release\game.obj
c:\users\jia long\documents\vj\opengl_vs2015\2dgame\frozen-knight\frozen-knight\release\entity.obj
c:\users\jia long\documents\vj\opengl_vs2015\2dgame\frozen-knight\frozen-knight\release\enemy.obj
c:\users\jia long\documents\vj\opengl_vs2015\2dgame\frozen-knight\frozen-knight\release\door.obj
c:\users\jia long\documents\vj\opengl_vs2015\2dgame\frozen-knight\frozen-knight\release\collisionmap.obj
c:\users\jia long\documents\vj\opengl_vs2015\2dgame\frozen-knight\frozen-knight\release\collectable.obj
c:\users\jia long\documents\vj\opengl_vs2015\2dgame\frozen-knight\frozen-knight\release\shield.obj
c:\users\jia long\documents\vj\opengl_vs2015\2dgame\frozen-knight\frozen-knight\release\menuui.obj
c:\users\jia long\documents\vj\opengl_vs2015\2dgame\frozen-knight\frozen-knight\release\mediaplayer.obj
c:\users\jia long\documents\vj\opengl_vs2015\2dgame\frozen-knight\frozen-knight\release\mainmenu.obj
c:\users\jia long\documents\vj\opengl_vs2015\2dgame\frozen-knight\frozen-knight\release\ghost.obj
c:\users\jia long\documents\vj\opengl_vs2015\2dgame\frozen-knight\frozen-knight\release\backgroundmap.obj
c:\users\jia long\documents\vj\opengl_vs2015\2dgame\frozen-knight\frozen-knight\release\vampire.obj
c:\users\jia long\documents\vj\opengl_vs2015\2dgame\frozen-knight\frozen-knight\release\tilemap.obj
c:\users\jia long\documents\vj\opengl_vs2015\2dgame\frozen-knight\frozen-knight\release\texture.obj
c:\users\jia long\documents\vj\opengl_vs2015\2dgame\frozen-knight\frozen-knight\release\stopwatch.obj
c:\users\jia long\documents\vj\opengl_vs2015\2dgame\frozen-knight\frozen-knight\release\levelui.obj
c:\users\jia long\documents\vj\opengl_vs2015\2dgame\frozen-knight\frozen-knight\release\sprite.obj
c:\users\jia long\documents\vj\opengl_vs2015\2dgame\frozen-knight\release\frozen-knight.exe
c:\users\jia long\documents\vj\opengl_vs2015\2dgame\frozen-knight\frozen-knight\release\frozen-knight.ipdb
c:\users\jia long\documents\vj\opengl_vs2015\2dgame\frozen-knight\frozen-knight\release\frozen-knight.iobj
c:\users\jia long\documents\vj\opengl_vs2015\2dgame\frozen-knight\release\frozen-knight.pdb
c:\users\jia long\documents\vj\opengl_vs2015\2dgame\frozen-knight\frozen-knight\release\frozen-knight.tlog\cl.command.1.tlog
c:\users\jia long\documents\vj\opengl_vs2015\2dgame\frozen-knight\frozen-knight\release\frozen-knight.tlog\cl.read.1.tlog
c:\users\jia long\documents\vj\opengl_vs2015\2dgame\frozen-knight\frozen-knight\release\frozen-knight.tlog\cl.write.1.tlog
c:\users\jia long\documents\vj\opengl_vs2015\2dgame\frozen-knight\frozen-knight\release\frozen-knight.tlog\link.command.1.tlog
c:\users\jia long\documents\vj\opengl_vs2015\2dgame\frozen-knight\frozen-knight\release\frozen-knight.tlog\link.read.1.tlog
c:\users\jia long\documents\vj\opengl_vs2015\2dgame\frozen-knight\frozen-knight\release\frozen-knight.tlog\link.write.1.tlog
