c:\users\youwu\onedrive\desktop\vj\2dgame\frozen-knight (3)\frozen-knight\debug\vc143.pdb
c:\users\youwu\onedrive\desktop\vj\2dgame\frozen-knight (3)\frozen-knight\debug\vc143.idb
c:\users\youwu\onedrive\desktop\vj\2dgame\frozen-knight (3)\frozen-knight\debug\skeleton.obj
c:\users\youwu\onedrive\desktop\vj\2dgame\frozen-knight (3)\frozen-knight\debug\shaderprogram.obj
c:\users\youwu\onedrive\desktop\vj\2dgame\frozen-knight (3)\frozen-knight\debug\shader.obj
c:\users\youwu\onedrive\desktop\vj\2dgame\frozen-knight (3)\frozen-knight\debug\scene.obj
c:\users\youwu\onedrive\desktop\vj\2dgame\frozen-knight (3)\frozen-knight\debug\player.obj
c:\users\youwu\onedrive\desktop\vj\2dgame\frozen-knight (3)\frozen-knight\debug\main.obj
c:\users\youwu\onedrive\desktop\vj\2dgame\frozen-knight (3)\frozen-knight\debug\key.obj
c:\users\youwu\onedrive\desktop\vj\2dgame\frozen-knight (3)\frozen-knight\debug\gem.obj
c:\users\youwu\onedrive\desktop\vj\2dgame\frozen-knight (3)\frozen-knight\debug\game.obj
c:\users\youwu\onedrive\desktop\vj\2dgame\frozen-knight (3)\frozen-knight\debug\entity.obj
c:\users\youwu\onedrive\desktop\vj\2dgame\frozen-knight (3)\frozen-knight\debug\enemy.obj
c:\users\youwu\onedrive\desktop\vj\2dgame\frozen-knight (3)\frozen-knight\debug\door.obj
c:\users\youwu\onedrive\desktop\vj\2dgame\frozen-knight (3)\frozen-knight\debug\collisionmap.obj
c:\users\youwu\onedrive\desktop\vj\2dgame\frozen-knight (3)\frozen-knight\debug\collectable.obj
c:\users\youwu\onedrive\desktop\vj\2dgame\frozen-knight (3)\frozen-knight\debug\shield.obj
c:\users\youwu\onedrive\desktop\vj\2dgame\frozen-knight (3)\frozen-knight\debug\menuui.obj
c:\users\youwu\onedrive\desktop\vj\2dgame\frozen-knight (3)\frozen-knight\debug\mediaplayer.obj
c:\users\youwu\onedrive\desktop\vj\2dgame\frozen-knight (3)\frozen-knight\debug\mainmenu.obj
c:\users\youwu\onedrive\desktop\vj\2dgame\frozen-knight (3)\frozen-knight\debug\ghost.obj
c:\users\youwu\onedrive\desktop\vj\2dgame\frozen-knight (3)\frozen-knight\debug\backgroundmap.obj
c:\users\youwu\onedrive\desktop\vj\2dgame\frozen-knight (3)\frozen-knight\debug\vampire.obj
c:\users\youwu\onedrive\desktop\vj\2dgame\frozen-knight (3)\frozen-knight\debug\tilemap.obj
c:\users\youwu\onedrive\desktop\vj\2dgame\frozen-knight (3)\frozen-knight\debug\texture.obj
c:\users\youwu\onedrive\desktop\vj\2dgame\frozen-knight (3)\frozen-knight\debug\stopwatch.obj
c:\users\youwu\onedrive\desktop\vj\2dgame\frozen-knight (3)\frozen-knight\debug\levelui.obj
c:\users\youwu\onedrive\desktop\vj\2dgame\frozen-knight (3)\frozen-knight\debug\sprite.obj
c:\users\jia long\documents\vj\opengl_vs2015\2dgame\frozen-knight\frozen-knight\debug\vc143.pdb
c:\users\jia long\documents\vj\opengl_vs2015\2dgame\frozen-knight\frozen-knight\debug\vc143.idb
c:\users\jia long\documents\vj\opengl_vs2015\2dgame\frozen-knight\frozen-knight\debug\skeleton.obj
c:\users\jia long\documents\vj\opengl_vs2015\2dgame\frozen-knight\frozen-knight\debug\shaderprogram.obj
c:\users\jia long\documents\vj\opengl_vs2015\2dgame\frozen-knight\frozen-knight\debug\shader.obj
c:\users\jia long\documents\vj\opengl_vs2015\2dgame\frozen-knight\frozen-knight\debug\scene.obj
c:\users\jia long\documents\vj\opengl_vs2015\2dgame\frozen-knight\frozen-knight\debug\player.obj
c:\users\jia long\documents\vj\opengl_vs2015\2dgame\frozen-knight\frozen-knight\debug\main.obj
c:\users\jia long\documents\vj\opengl_vs2015\2dgame\frozen-knight\frozen-knight\debug\key.obj
c:\users\jia long\documents\vj\opengl_vs2015\2dgame\frozen-knight\frozen-knight\debug\gem.obj
c:\users\jia long\documents\vj\opengl_vs2015\2dgame\frozen-knight\frozen-knight\debug\game.obj
c:\users\jia long\documents\vj\opengl_vs2015\2dgame\frozen-knight\frozen-knight\debug\entity.obj
c:\users\jia long\documents\vj\opengl_vs2015\2dgame\frozen-knight\frozen-knight\debug\enemy.obj
c:\users\jia long\documents\vj\opengl_vs2015\2dgame\frozen-knight\frozen-knight\debug\door.obj
c:\users\jia long\documents\vj\opengl_vs2015\2dgame\frozen-knight\frozen-knight\debug\collisionmap.obj
c:\users\jia long\documents\vj\opengl_vs2015\2dgame\frozen-knight\frozen-knight\debug\collectable.obj
c:\users\jia long\documents\vj\opengl_vs2015\2dgame\frozen-knight\frozen-knight\debug\shield.obj
c:\users\jia long\documents\vj\opengl_vs2015\2dgame\frozen-knight\frozen-knight\debug\menuui.obj
c:\users\jia long\documents\vj\opengl_vs2015\2dgame\frozen-knight\frozen-knight\debug\mediaplayer.obj
c:\users\jia long\documents\vj\opengl_vs2015\2dgame\frozen-knight\frozen-knight\debug\mainmenu.obj
c:\users\jia long\documents\vj\opengl_vs2015\2dgame\frozen-knight\frozen-knight\debug\ghost.obj
c:\users\jia long\documents\vj\opengl_vs2015\2dgame\frozen-knight\frozen-knight\debug\backgroundmap.obj
c:\users\jia long\documents\vj\opengl_vs2015\2dgame\frozen-knight\frozen-knight\debug\vampire.obj
c:\users\jia long\documents\vj\opengl_vs2015\2dgame\frozen-knight\frozen-knight\debug\tilemap.obj
c:\users\jia long\documents\vj\opengl_vs2015\2dgame\frozen-knight\frozen-knight\debug\texture.obj
c:\users\jia long\documents\vj\opengl_vs2015\2dgame\frozen-knight\frozen-knight\debug\stopwatch.obj
c:\users\jia long\documents\vj\opengl_vs2015\2dgame\frozen-knight\frozen-knight\debug\levelui.obj
c:\users\jia long\documents\vj\opengl_vs2015\2dgame\frozen-knight\frozen-knight\debug\sprite.obj
c:\users\youwu\onedrive\desktop\vj\2dgame\frozen-knight (3)\debug\frozen-knight.exe
c:\users\youwu\onedrive\desktop\vj\2dgame\frozen-knight (3)\frozen-knight\debug\frozen-knight.ilk
c:\users\youwu\onedrive\desktop\vj\2dgame\frozen-knight (3)\debug\frozen-knight.pdb
c:\users\jia long\documents\vj\opengl_vs2015\2dgame\frozen-knight\debug\frozen-knight.exe
c:\users\jia long\documents\vj\opengl_vs2015\2dgame\frozen-knight\frozen-knight\debug\frozen-knight.ilk
c:\users\jia long\documents\vj\opengl_vs2015\2dgame\frozen-knight\debug\frozen-knight.pdb
c:\users\jia long\documents\vj\opengl_vs2015\2dgame\frozen-knight\frozen-knight\debug\frozen-knight.tlog\cl.command.1.tlog
c:\users\jia long\documents\vj\opengl_vs2015\2dgame\frozen-knight\frozen-knight\debug\frozen-knight.tlog\cl.read.1.tlog
c:\users\jia long\documents\vj\opengl_vs2015\2dgame\frozen-knight\frozen-knight\debug\frozen-knight.tlog\cl.write.1.tlog
c:\users\jia long\documents\vj\opengl_vs2015\2dgame\frozen-knight\frozen-knight\debug\frozen-knight.tlog\link.command.1.tlog
c:\users\jia long\documents\vj\opengl_vs2015\2dgame\frozen-knight\frozen-knight\debug\frozen-knight.tlog\link.read.1.tlog
c:\users\jia long\documents\vj\opengl_vs2015\2dgame\frozen-knight\frozen-knight\debug\frozen-knight.tlog\link.write.1.tlog
